PTX: Successful application of /Users/bmiller/src/pretext/xsl/pretext-html.xsl, but with messages:
    *  PTX:ERROR: the @xml:id value "accessing-elements" should be unique, but appears 2 times.
           Results will be unpredictable, and likely incorrect.  Information on the locations follows:
    *               located within: "accessing-elements" (xml:id)
    *               located within: "accessing-elements" (xml:id), "Accessing Elements" (title)
    *  PTX:ERROR: the @xml:id value "id1" should be unique, but appears 3 times.
           Results will be unpredictable, and likely incorrect.  Information on the locations follows:
    *               located within: "id1" (xml:id)
    *               located within: "id1" (xml:id)
    *               located within: "id1" (xml:id)
    *  PTX:WARNING: A section containing subsections needs to have other content inside an <introduction> and/or  <conclusion>.
    *               located within: "boolean-functions" (xml:id), "Boolean Functions" (title)
    *  PTX:WARNING: A section containing subsections needs to have other content inside an <introduction> and/or  <conclusion>.
    *               located within: "dimensional-iteration-image-processing" (xml:id), "2-Dimensional Iteration: Image Processing" (title)
    *  PTX:WARNING: A section containing subsections needs to have other content inside an <introduction> and/or  <conclusion>.
    *               located within: "string-methods" (xml:id), "String Methods" (title)
    *  PTX:WARNING: A section containing subsections needs to have other content inside an <introduction> and/or  <conclusion>.
    *               located within: "the-accumulator-pattern-with-lists" (xml:id), "The Accumulator Pattern with Lists" (title)
    *  PTX:WARNING: A section containing subsections needs to have other content inside an <introduction> and/or  <conclusion>.
    *               located within: "tkinter-standard-dialog-boxes" (xml:id), "Tkinter Standard Dialog Boxes" (title)
    *  PTX:WARNING: A section containing subsections needs to have other content inside an <introduction> and/or  <conclusion>.
    *               located within: "timer-events" (xml:id), "Timer Events" (title)
    *  PTX:WARNING: A section containing subsections needs to have other content inside an <introduction> and/or  <conclusion>.
    *               located within: "a-programming-example" (xml:id), "A Programming Example" (title)
    *  PTX:WARNING: A section containing subsections needs to have other content inside an <introduction> and/or  <conclusion>.
    *               located within: "managing-gui-program-complexity" (xml:id), "Managing GUI Program Complexity" (title)
    *  PTX:WARNING: A section containing subsections needs to have other content inside an <introduction> and/or  <conclusion>.
    *               located within: "case-study-structured-postal-addresses" (xml:id), "Case Study: Structured Postal Addresses" (title)
    *  PTX:WARNING: A section containing subsections needs to have other content inside an <introduction> and/or  <conclusion>.
    *               located within: "checking-assumptions-with-assert" (xml:id), "
        Checking Assumptions With
        assert
    " (title)
    *  PTX:WARNING: A section containing subsections needs to have other content inside an <introduction> and/or  <conclusion>.
    *               located within: "testing-functions" (xml:id), "Testing Functions" (title)
    *  PTX:WARNING: A section containing subsections needs to have other content inside an <introduction> and/or  <conclusion>.
    *               located within: "designing-testable-functions" (xml:id), "Designing Testable Functions" (title)
    *  PTX:WARNING: A section containing subsections needs to have other content inside an <introduction> and/or  <conclusion>.
    *               located within: "test-first-development" (xml:id), "Test-First Development" (title)
    *  PTX:WARNING: A section containing subsections needs to have other content inside an <introduction> and/or  <conclusion>.
    *               located within: "testing-with-pytest" (xml:id), "Testing with pytest" (title)
    *  PTX:DEPRECATE: (2016-07-31) @height attribute on <image> is no longer effective and will be ignored, except within a WeBWorK exercise (1 time)
    *               located within: "exercises" (xml:id), "Exercises" (title)
    *  --------------
    *  PTX:ERROR:   a cross-reference ("xref") uses references [SummaryofTurtleMethods#turtle-methods] that do not point to any target, or perhaps point to multiple targets.  Maybe you typed an @xml:id value wrong, maybe the target of the @xml:id is nonexistent, or maybe you temporarily removed the target from your source, or maybe an auxiliary file contains a duplicate.  Your output will contain some placeholder text that you will not want to distribute to your readers.
    *               located within: "turtle-ex-11" (xml:id)
    *  PTX:ERROR:   a cross-reference ("xref") uses references [ATurtleBarChart#bar-chart] that do not point to any target, or perhaps point to multiple targets.  Maybe you typed an @xml:id value wrong, maybe the target of the @xml:id is nonexistent, or maybe you temporarily removed the target from your source, or maybe an auxiliary file contains a duplicate.  Your output will contain some placeholder text that you will not want to distribute to your readers.
    *               located within: "exercises" (xml:id), "Exercises" (title)
    *  PTX:ERROR:   width (667) should be given as a percentage (such as "40%"), or as the string "auto"
    *               located within: "GoogleLogic" (xml:id)
    *  PTX:ERROR:   width (667) should be given as a percentage (such as "40%"), or as the string "auto"
    *               located within: "GoogleLogic" (xml:id)
    *  PTX:ERROR:   a cross-reference ("xref") uses references [RandomlyWalkingTurtles#randomly-walking-turtles] that do not point to any target, or perhaps point to multiple targets.  Maybe you typed an @xml:id value wrong, maybe the target of the @xml:id is nonexistent, or maybe you temporarily removed the target from your source, or maybe an auxiliary file contains a duplicate.  Your output will contain some placeholder text that you will not want to distribute to your readers.
    *               located within: "the-while-statement" (xml:id), "
        The
        while
        Statement
    " (title)
    *  PTX:ERROR:   a cross-reference ("xref") uses references [../Strings/StringMethods#format-strings] that do not point to any target, or perhaps point to multiple targets.  Maybe you typed an @xml:id value wrong, maybe the target of the @xml:id is nonexistent, or maybe you temporarily removed the target from your source, or maybe an auxiliary file contains a duplicate.  Your output will contain some placeholder text that you will not want to distribute to your readers.
    *               located within: "sentinel-values" (xml:id), "Sentinel Values" (title)
    *  PTX:ERROR:   a cross-reference ("xref") uses references [../Strings/StringMethods#stringmethods] that do not point to any target, or perhaps point to multiple targets.  Maybe you typed an @xml:id value wrong, maybe the target of the @xml:id is nonexistent, or maybe you temporarily removed the target from your source, or maybe an auxiliary file contains a duplicate.  Your output will contain some placeholder text that you will not want to distribute to your readers.
    *               located within: "validating-input" (xml:id), "Validating Input" (title)
    *  PTX:ERROR:   a cross-reference ("xref") uses references [ImageProcessingonYourOwn#image-processing-on-own] that do not point to any target, or perhaps point to multiple targets.  Maybe you typed an @xml:id value wrong, maybe the target of the @xml:id is nonexistent, or maybe you temporarily removed the target from your source, or maybe an auxiliary file contains a duplicate.  Your output will contain some placeholder text that you will not want to distribute to your readers.
    *               located within: "the-rgb-color-model" (xml:id), "The RGB Color Model" (title)
    *  PTX:ERROR:   a cross-reference ("xref") uses references [format-strings] that do not point to any target, or perhaps point to multiple targets.  Maybe you typed an @xml:id value wrong, maybe the target of the @xml:id is nonexistent, or maybe you temporarily removed the target from your source, or maybe an auxiliary file contains a duplicate.  Your output will contain some placeholder text that you will not want to distribute to your readers.
    *               located within: "string-methods" (xml:id), "String Methods" (title)
    *  PTX:ERROR:   a cross-reference ("xref") uses references [../Functions/TheAccumulatorPattern#accumulator] that do not point to any target, or perhaps point to multiple targets.  Maybe you typed an @xml:id value wrong, maybe the target of the @xml:id is nonexistent, or maybe you temporarily removed the target from your source, or maybe an auxiliary file contains a duplicate.  Your output will contain some placeholder text that you will not want to distribute to your readers.
    *               located within: "the-accumulator-pattern-with-lists" (xml:id), "The Accumulator Pattern with Lists" (title)
    *  PTX:ERROR:   a cross-reference ("xref") uses references [intro-WorkingwithDataFiles#filemethods1a] that do not point to any target, or perhaps point to multiple targets.  Maybe you typed an @xml:id value wrong, maybe the target of the @xml:id is nonexistent, or maybe you temporarily removed the target from your source, or maybe an auxiliary file contains a duplicate.  Your output will contain some placeholder text that you will not want to distribute to your readers.
    *               located within: "writing-text-files" (xml:id), "Writing Text Files" (title)
    *  PTX:ERROR:   a cross-reference ("xref") uses references [AlternativeFileReadingMethods#filemethods2a] that do not point to any target, or perhaps point to multiple targets.  Maybe you typed an @xml:id value wrong, maybe the target of the @xml:id is nonexistent, or maybe you temporarily removed the target from your source, or maybe an auxiliary file contains a duplicate.  Your output will contain some placeholder text that you will not want to distribute to your readers.
    *               located within: "writing-text-files" (xml:id), "Writing Text Files" (title)
    *  PTX:ERROR:   a cross-reference ("xref") uses references [../Strings/StringMethods#format-strings] that do not point to any target, or perhaps point to multiple targets.  Maybe you typed an @xml:id value wrong, maybe the target of the @xml:id is nonexistent, or maybe you temporarily removed the target from your source, or maybe an auxiliary file contains a duplicate.  Your output will contain some placeholder text that you will not want to distribute to your readers.
    *               located within: "more-about-flask" (xml:id), "More About Flask" (title)
    *  PTX:ERROR:   a cross-reference ("xref") uses references [../Dictionaries/intro-Dictionaries#dictionaries] that do not point to any target, or perhaps point to multiple targets.  Maybe you typed an @xml:id value wrong, maybe the target of the @xml:id is nonexistent, or maybe you temporarily removed the target from your source, or maybe an auxiliary file contains a duplicate.  Your output will contain some placeholder text that you will not want to distribute to your readers.
    *               located within: "input-for-a-flask-web-application" (xml:id), "Input For A Flask Web Application" (title)
    *  PTX:ERROR:   a cross-reference ("xref") uses references [CalculatingtheSumofaListofNumbers#lst-recsum] that do not point to any target, or perhaps point to multiple targets.  Maybe you typed an @xml:id value wrong, maybe the target of the @xml:id is nonexistent, or maybe you temporarily removed the target from your source, or maybe an auxiliary file contains a duplicate.  Your output will contain some placeholder text that you will not want to distribute to your readers.
    *               located within: "the-three-laws-of-recursion" (xml:id), "The Three Laws of Recursion" (title)
    *  PTX:DEBUG: xref/@ref "lst-fractree" points to a "p" element.  (1) we made a mistake, and we need to add this element to a list of potential targets of a cross-reference, or (2) you made a mistake and really did not mean this particular construction, or (3) we need to have a discussion about the advisability of this element being a target.   (4) If you are trying to cross-reference a "p" element, perhaps using a "paragraphs" element is a good alternative.  If (1) or (3) could you please report me!
    *  PTX:WARNING:    An <xref> wants to build text using a number to identify the target, but the target (which has @xml:id "lst-fractree") does not have a number. You could try 'text="title"' or 'text="custom"' on the "xref".
    *               located within: "visualizing-recursion" (xml:id), "Visualizing Recursion" (title)
    *  PTX:ERROR:   a cross-reference ("xref") uses references [WritingUnitTests#writing-unit-tests] that do not point to any target, or perhaps point to multiple targets.  Maybe you typed an @xml:id value wrong, maybe the target of the @xml:id is nonexistent, or maybe you temporarily removed the target from your source, or maybe an auxiliary file contains a duplicate.  Your output will contain some placeholder text that you will not want to distribute to your readers.
    *               located within: "unittesting_exercises" (xml:id), "Exercises" (title)
    *  PTX:ERROR:   a cross-reference ("xref") uses references [DesigningTestableFunctions#designing-testable-functions] that do not point to any target, or perhaps point to multiple targets.  Maybe you typed an @xml:id value wrong, maybe the target of the @xml:id is nonexistent, or maybe you temporarily removed the target from your source, or maybe an auxiliary file contains a duplicate.  Your output will contain some placeholder text that you will not want to distribute to your readers.
    *               located within: "unittesting_exercises" (xml:id), "Exercises" (title)
    *  PTX:ERROR:   a cross-reference ("xref") uses references [SummaryofTurtleMethods#turtle-methods] that do not point to any target, or perhaps point to multiple targets.  Maybe you typed an @xml:id value wrong, maybe the target of the @xml:id is nonexistent, or maybe you temporarily removed the target from your source, or maybe an auxiliary file contains a duplicate.  Your output will contain some placeholder text that you will not want to distribute to your readers.
    *               located within: "turtle-ex-11" (xml:id)
    *  PTX:ERROR:   a cross-reference ("xref") uses references [ATurtleBarChart#bar-chart] that do not point to any target, or perhaps point to multiple targets.  Maybe you typed an @xml:id value wrong, maybe the target of the @xml:id is nonexistent, or maybe you temporarily removed the target from your source, or maybe an auxiliary file contains a duplicate.  Your output will contain some placeholder text that you will not want to distribute to your readers.
    *               located within: "exercises" (xml:id), "Exercises" (title)
    *  PTX:ERROR:   a cross-reference ("xref") uses references [ATurtleBarChart#bar-chart] that do not point to any target, or perhaps point to multiple targets.  Maybe you typed an @xml:id value wrong, maybe the target of the @xml:id is nonexistent, or maybe you temporarily removed the target from your source, or maybe an auxiliary file contains a duplicate.  Your output will contain some placeholder text that you will not want to distribute to your readers.
    *               located within: "exercises" (xml:id), "Exercises" (title)
    *  PTX:ERROR:   a cross-reference ("xref") uses references [RandomlyWalkingTurtles#randomly-walking-turtles] that do not point to any target, or perhaps point to multiple targets.  Maybe you typed an @xml:id value wrong, maybe the target of the @xml:id is nonexistent, or maybe you temporarily removed the target from your source, or maybe an auxiliary file contains a duplicate.  Your output will contain some placeholder text that you will not want to distribute to your readers.
    *               located within: "the-while-statement" (xml:id), "
        The
        while
        Statement
    " (title)
    *  PTX:ERROR:   a cross-reference ("xref") uses references [../Strings/StringMethods#format-strings] that do not point to any target, or perhaps point to multiple targets.  Maybe you typed an @xml:id value wrong, maybe the target of the @xml:id is nonexistent, or maybe you temporarily removed the target from your source, or maybe an auxiliary file contains a duplicate.  Your output will contain some placeholder text that you will not want to distribute to your readers.
    *               located within: "sentinel-values" (xml:id), "Sentinel Values" (title)
    *  PTX:ERROR:   a cross-reference ("xref") uses references [../Strings/StringMethods#format-strings] that do not point to any target, or perhaps point to multiple targets.  Maybe you typed an @xml:id value wrong, maybe the target of the @xml:id is nonexistent, or maybe you temporarily removed the target from your source, or maybe an auxiliary file contains a duplicate.  Your output will contain some placeholder text that you will not want to distribute to your readers.
    *               located within: "sentinel-values" (xml:id), "Sentinel Values" (title)
    *  PTX:ERROR:   a cross-reference ("xref") uses references [../Strings/StringMethods#format-strings] that do not point to any target, or perhaps point to multiple targets.  Maybe you typed an @xml:id value wrong, maybe the target of the @xml:id is nonexistent, or maybe you temporarily removed the target from your source, or maybe an auxiliary file contains a duplicate.  Your output will contain some placeholder text that you will not want to distribute to your readers.
    *               located within: "sentinel-values" (xml:id), "Sentinel Values" (title)
    *  PTX:ERROR:   a cross-reference ("xref") uses references [../Strings/StringMethods#stringmethods] that do not point to any target, or perhaps point to multiple targets.  Maybe you typed an @xml:id value wrong, maybe the target of the @xml:id is nonexistent, or maybe you temporarily removed the target from your source, or maybe an auxiliary file contains a duplicate.  Your output will contain some placeholder text that you will not want to distribute to your readers.
    *               located within: "validating-input" (xml:id), "Validating Input" (title)
    *  PTX:ERROR:   a cross-reference ("xref") uses references [ImageProcessingonYourOwn#image-processing-on-own] that do not point to any target, or perhaps point to multiple targets.  Maybe you typed an @xml:id value wrong, maybe the target of the @xml:id is nonexistent, or maybe you temporarily removed the target from your source, or maybe an auxiliary file contains a duplicate.  Your output will contain some placeholder text that you will not want to distribute to your readers.
    *               located within: "the-rgb-color-model" (xml:id), "The RGB Color Model" (title)
    *  PTX:ERROR:   a cross-reference ("xref") uses references [format-strings] that do not point to any target, or perhaps point to multiple targets.  Maybe you typed an @xml:id value wrong, maybe the target of the @xml:id is nonexistent, or maybe you temporarily removed the target from your source, or maybe an auxiliary file contains a duplicate.  Your output will contain some placeholder text that you will not want to distribute to your readers.
    *               located within: "string-methods" (xml:id), "String Methods" (title)
    *  PTX:ERROR:   a cross-reference ("xref") uses references [../Functions/TheAccumulatorPattern#accumulator] that do not point to any target, or perhaps point to multiple targets.  Maybe you typed an @xml:id value wrong, maybe the target of the @xml:id is nonexistent, or maybe you temporarily removed the target from your source, or maybe an auxiliary file contains a duplicate.  Your output will contain some placeholder text that you will not want to distribute to your readers.
    *               located within: "the-accumulator-pattern-with-lists" (xml:id), "The Accumulator Pattern with Lists" (title)
    *  PTX:ERROR:   a cross-reference ("xref") uses references [intro-WorkingwithDataFiles#filemethods1a] that do not point to any target, or perhaps point to multiple targets.  Maybe you typed an @xml:id value wrong, maybe the target of the @xml:id is nonexistent, or maybe you temporarily removed the target from your source, or maybe an auxiliary file contains a duplicate.  Your output will contain some placeholder text that you will not want to distribute to your readers.
    *               located within: "writing-text-files" (xml:id), "Writing Text Files" (title)
    *  PTX:ERROR:   a cross-reference ("xref") uses references [AlternativeFileReadingMethods#filemethods2a] that do not point to any target, or perhaps point to multiple targets.  Maybe you typed an @xml:id value wrong, maybe the target of the @xml:id is nonexistent, or maybe you temporarily removed the target from your source, or maybe an auxiliary file contains a duplicate.  Your output will contain some placeholder text that you will not want to distribute to your readers.
    *               located within: "writing-text-files" (xml:id), "Writing Text Files" (title)
    *  PTX:ERROR:   a cross-reference ("xref") uses references [../Strings/StringMethods#format-strings] that do not point to any target, or perhaps point to multiple targets.  Maybe you typed an @xml:id value wrong, maybe the target of the @xml:id is nonexistent, or maybe you temporarily removed the target from your source, or maybe an auxiliary file contains a duplicate.  Your output will contain some placeholder text that you will not want to distribute to your readers.
    *               located within: "more-about-flask" (xml:id), "More About Flask" (title)
    *  PTX:ERROR:   a cross-reference ("xref") uses references [../Dictionaries/intro-Dictionaries#dictionaries] that do not point to any target, or perhaps point to multiple targets.  Maybe you typed an @xml:id value wrong, maybe the target of the @xml:id is nonexistent, or maybe you temporarily removed the target from your source, or maybe an auxiliary file contains a duplicate.  Your output will contain some placeholder text that you will not want to distribute to your readers.
    *               located within: "input-for-a-flask-web-application" (xml:id), "Input For A Flask Web Application" (title)
    *  PTX:ERROR:   a cross-reference ("xref") uses references [CalculatingtheSumofaListofNumbers#lst-recsum] that do not point to any target, or perhaps point to multiple targets.  Maybe you typed an @xml:id value wrong, maybe the target of the @xml:id is nonexistent, or maybe you temporarily removed the target from your source, or maybe an auxiliary file contains a duplicate.  Your output will contain some placeholder text that you will not want to distribute to your readers.
    *               located within: "the-three-laws-of-recursion" (xml:id), "The Three Laws of Recursion" (title)
    *  PTX:DEBUG: xref/@ref "lst-fractree" points to a "p" element.  (1) we made a mistake, and we need to add this element to a list of potential targets of a cross-reference, or (2) you made a mistake and really did not mean this particular construction, or (3) we need to have a discussion about the advisability of this element being a target.   (4) If you are trying to cross-reference a "p" element, perhaps using a "paragraphs" element is a good alternative.  If (1) or (3) could you please report me!
    *  PTX:WARNING:    An <xref> wants to build text using a number to identify the target, but the target (which has @xml:id "lst-fractree") does not have a number. You could try 'text="title"' or 'text="custom"' on the "xref".
    *               located within: "visualizing-recursion" (xml:id), "Visualizing Recursion" (title)
    *  PTX:ERROR:   a cross-reference ("xref") uses references [WritingUnitTests#writing-unit-tests] that do not point to any target, or perhaps point to multiple targets.  Maybe you typed an @xml:id value wrong, maybe the target of the @xml:id is nonexistent, or maybe you temporarily removed the target from your source, or maybe an auxiliary file contains a duplicate.  Your output will contain some placeholder text that you will not want to distribute to your readers.
    *               located within: "unittesting_exercises" (xml:id), "Exercises" (title)
    *  PTX:ERROR:   a cross-reference ("xref") uses references [DesigningTestableFunctions#designing-testable-functions] that do not point to any target, or perhaps point to multiple targets.  Maybe you typed an @xml:id value wrong, maybe the target of the @xml:id is nonexistent, or maybe you temporarily removed the target from your source, or maybe an auxiliary file contains a duplicate.  Your output will contain some placeholder text that you will not want to distribute to your readers.
    *               located within: "unittesting_exercises" (xml:id), "Exercises" (title)
    *  PTX:ERROR:   a cross-reference ("xref") uses references [WritingUnitTests#writing-unit-tests] that do not point to any target, or perhaps point to multiple targets.  Maybe you typed an @xml:id value wrong, maybe the target of the @xml:id is nonexistent, or maybe you temporarily removed the target from your source, or maybe an auxiliary file contains a duplicate.  Your output will contain some placeholder text that you will not want to distribute to your readers.
    *               located within: "unittesting_exercises" (xml:id), "Exercises" (title)
    *  PTX:ERROR:   a cross-reference ("xref") uses references [WritingUnitTests#writing-unit-tests] that do not point to any target, or perhaps point to multiple targets.  Maybe you typed an @xml:id value wrong, maybe the target of the @xml:id is nonexistent, or maybe you temporarily removed the target from your source, or maybe an auxiliary file contains a duplicate.  Your output will contain some placeholder text that you will not want to distribute to your readers.
    *               located within: "unittesting_exercises" (xml:id), "Exercises" (title)
    *  PTX:ERROR:   a cross-reference ("xref") uses references [DesigningTestableFunctions#designing-testable-functions] that do not point to any target, or perhaps point to multiple targets.  Maybe you typed an @xml:id value wrong, maybe the target of the @xml:id is nonexistent, or maybe you temporarily removed the target from your source, or maybe an auxiliary file contains a duplicate.  Your output will contain some placeholder text that you will not want to distribute to your readers.
    *               located within: "unittesting_exercises" (xml:id), "Exercises" (title)
    *  PTX:ERROR:   a cross-reference ("xref") uses references [DesigningTestableFunctions#designing-testable-functions] that do not point to any target, or perhaps point to multiple targets.  Maybe you typed an @xml:id value wrong, maybe the target of the @xml:id is nonexistent, or maybe you temporarily removed the target from your source, or maybe an auxiliary file contains a duplicate.  Your output will contain some placeholder text that you will not want to distribute to your readers.
    *               located within: "unittesting_exercises" (xml:id), "Exercises" (title)
